<?xml version="1.0" encoding="UTF-8"?>
<!-- Generated by org.testng.reporters.JUnitReportReporter -->
<testsuite hostname="DESKTOP-99P843S" failures="0" tests="1" name="com.new_maven_project.test_case.login_test_case" time="25.254" errors="0" timestamp="2022-10-18T21:26:05 IST" skipped="0">
  <testcase classname="com.new_maven_project.test_case.login_test_case" name="login" time="25.254"/>
  <system-out/>
</testsuite> <!-- com.new_maven_project.test_case.login_test_case -->
